<?xml version="1.0" encoding="UTF-8"?>
<!-- Generated by org.testng.reporters.JUnitReportReporter -->
<testsuite hostname="MFCLT9J28003" failures="0" tests="2" name="qaclickacademy.RESTAPIT" time="0.002" errors="0" timestamp="2023-05-15T06:50:56 IST" skipped="0">
  <testcase classname="qaclickacademy.RESTAPIT" name="deleteTwitter" time="0.001"/>
  <system-out/>
  <testcase classname="qaclickacademy.RESTAPIT" name="postJira" time="0.001"/>
  <system-out/>
</testsuite> <!-- qaclickacademy.RESTAPIT -->
