<?xml version="1.0" encoding="UTF-8"?>
<!-- Generated by org.testng.reporters.JUnitReportReporter -->
<testsuite hostname="Gangulas-MacBook-Air.local" failures="0" tests="2" name="qaclickacademy.SeleniumTest" time="0.004" errors="0" timestamp="2024-07-10T09:27:43 IST" skipped="0">
  <testcase classname="qaclickacademy.SeleniumTest" name="BrowserAUtomation" time="0.004"/>
  <testcase classname="qaclickacademy.SeleniumTest" name="elementsUi" time="0.000"/>
</testsuite> <!-- qaclickacademy.SeleniumTest -->
