<?xml version="1.0" encoding="UTF-8"?>
<!-- Generated by org.testng.reporters.JUnitReportReporter -->
<testsuite hostname="Gangulas-MacBook-Air.local" failures="0" tests="2" name="qaclickacademy.AppiumTest" time="0.002" errors="0" timestamp="2024-07-10T09:27:43 IST" skipped="0">
  <testcase classname="qaclickacademy.AppiumTest" name="AndroidApps" time="0.001"/>
  <testcase classname="qaclickacademy.AppiumTest" name="IOSApps" time="0.001"/>
</testsuite> <!-- qaclickacademy.AppiumTest -->
