<?xml version="1.0" encoding="UTF-8"?>
<!-- Generated by org.testng.reporters.JUnitReportReporter -->
<testsuite hostname="Gangulas-MacBook-Air.local" failures="0" tests="2" name="qaclickacademy2.SeleniumTest" time="0.001" errors="0" timestamp="2024-07-16T10:36:21 IST" skipped="0">
  <testcase classname="qaclickacademy2.SeleniumTest" name="elementsUi" time="0.001"/>
  <testcase classname="qaclickacademy2.SeleniumTest" name="BrowserAUtomation" time="0.000"/>
</testsuite> <!-- qaclickacademy2.SeleniumTest -->
