<?xml version="1.0" encoding="UTF-8"?>
<!-- Generated by org.testng.reporters.JUnitReportReporter -->
<testsuite hostname="Gangulas-MacBook-Air.local" failures="0" tests="2" name="qaclickacademy2.AppiumTest" time="0.000" errors="0" timestamp="2024-07-16T10:36:21 IST" skipped="0">
  <testcase classname="qaclickacademy2.AppiumTest" name="AndroidApps" time="0.000"/>
  <testcase classname="qaclickacademy2.AppiumTest" name="IOSApps" time="0.000"/>
</testsuite> <!-- qaclickacademy2.AppiumTest -->
