<?xml version="1.0" encoding="UTF-8"?>
<!-- Generated by org.testng.reporters.JUnitReportReporter -->
<testsuite hostname="Gangulas-MacBook-Air.local" failures="0" tests="2" name="qaclickacademy2.Restapi" time="0.000" errors="0" timestamp="2024-07-16T10:39:28 IST" skipped="0">
  <testcase classname="qaclickacademy2.Restapi" name="deleteTwitter" time="0.000"/>
  <testcase classname="qaclickacademy2.Restapi" name="postJira" time="0.000"/>
</testsuite> <!-- qaclickacademy2.Restapi -->
