<?xml version="1.0" encoding="UTF-8"?>
<!-- Generated by org.testng.reporters.JUnitReportReporter -->
<testsuite hostname="MFCLT9J28003" failures="0" tests="2" name="qaclickacademy.RESTAPIT" time="0.000" errors="0" timestamp="15 May 2023 01:39:10 GMT" skipped="0">
  <testcase classname="qaclickacademy.RESTAPIT" name="deleteTwitter" time="0.000"/>
  <testcase classname="qaclickacademy.RESTAPIT" name="postJira" time="0.000"/>
</testsuite> <!-- qaclickacademy.RESTAPIT -->
