<?xml version="1.0" encoding="UTF-8"?>
<!-- Generated by org.testng.reporters.JUnitReportReporter -->
<testsuite hostname="Gangulas-MacBook.local" failures="0" tests="2" name="qaclickacademy2.SeleniumTest" time="0.000" errors="0" timestamp="2024-08-19T09:27:52 IST" skipped="0">
  <testcase classname="qaclickacademy2.SeleniumTest" name="elementsUi" time="0.000"/>
  <testcase classname="qaclickacademy2.SeleniumTest" name="BrowserAUtomation" time="0.000"/>
</testsuite> <!-- qaclickacademy2.SeleniumTest -->
